2021-12-06 13:59:51,770 Initializing building models...
2021-12-06 14:02:37,406 Initializing building models...
2021-12-06 14:02:37,638 Release lock is  done is :True
2021-12-06 14:07:30,750 Initializing building models...
2021-12-06 14:07:30,848 Release lock is  done is :True
2021-12-06 14:08:16,658 Initializing building models...
2021-12-06 14:08:16,748 Release lock is  done is :True
2021-12-06 14:08:43,451 Initializing building models...
2021-12-06 14:08:43,545 Release lock is  done is :True
2021-12-06 14:15:45,369 Initializing building models...
2021-12-06 14:15:45,403 Building user profile
2021-12-06 14:15:45,404 Building tfidf model..
2021-12-06 14:15:45,414 Set index for interaction_ df is done...
2021-12-06 14:15:45,414 building items' profile
2021-12-06 14:15:45,415 building item's profile...
2021-12-06 14:15:45,417 building items' profile
2021-12-06 14:15:45,417 building item's profile...
2021-12-06 14:15:45,417 building item's profile...
2021-12-06 14:15:45,417 building item's profile...
2021-12-06 14:15:45,419 Saving the users profile to the database profile is done/recommender
2021-12-06 14:15:45,420 Release lock for content-based is  done is :True
